<?xml version="1.0" encoding="UTF-8"?>
<testsuite name="com.example.javaallinone.project3.mycontact.repository.PersonRepositoryTest" tests="1" skipped="0" failures="0" errors="0" timestamp="2020-09-14T14:15:44" hostname="DESKTOP-HGKVHL2" time="0.106">
  <properties/>
  <testcase name="hashCodeAndEquals()" classname="com.example.javaallinone.project3.mycontact.repository.PersonRepositoryTest" time="0.106"/>
  <system-out><![CDATA[23:15:39.567 [Test worker] DEBUG org.springframework.test.context.BootstrapUtils - Instantiating CacheAwareContextLoaderDelegate from class [org.springframework.test.context.cache.DefaultCacheAwareContextLoaderDelegate]
23:15:39.589 [Test worker] DEBUG org.springframework.test.context.BootstrapUtils - Instantiating BootstrapContext using constructor [public org.springframework.test.context.support.DefaultBootstrapContext(java.lang.Class,org.springframework.test.context.CacheAwareContextLoaderDelegate)]
23:15:39.635 [Test worker] DEBUG org.springframework.test.context.BootstrapUtils - Instantiating TestContextBootstrapper for test class [com.example.javaallinone.project3.mycontact.repository.PersonRepositoryTest] from class [org.springframework.boot.test.context.SpringBootTestContextBootstrapper]
23:15:39.661 [Test worker] INFO org.springframework.boot.test.context.SpringBootTestContextBootstrapper - Neither @ContextConfiguration nor @ContextHierarchy found for test class [com.example.javaallinone.project3.mycontact.repository.PersonRepositoryTest], using SpringBootContextLoader
23:15:39.667 [Test worker] DEBUG org.springframework.test.context.support.AbstractContextLoader - Did not detect default resource location for test class [com.example.javaallinone.project3.mycontact.repository.PersonRepositoryTest]: class path resource [com/example/javaallinone/project3/mycontact/repository/PersonRepositoryTest-context.xml] does not exist
23:15:39.668 [Test worker] DEBUG org.springframework.test.context.support.AbstractContextLoader - Did not detect default resource location for test class [com.example.javaallinone.project3.mycontact.repository.PersonRepositoryTest]: class path resource [com/example/javaallinone/project3/mycontact/repository/PersonRepositoryTestContext.groovy] does not exist
23:15:39.668 [Test worker] INFO org.springframework.test.context.support.AbstractContextLoader - Could not detect default resource locations for test class [com.example.javaallinone.project3.mycontact.repository.PersonRepositoryTest]: no resource found for suffixes {-context.xml, Context.groovy}.
23:15:39.670 [Test worker] INFO org.springframework.test.context.support.AnnotationConfigContextLoaderUtils - Could not detect default configuration classes for test class [com.example.javaallinone.project3.mycontact.repository.PersonRepositoryTest]: PersonRepositoryTest does not declare any static, non-private, non-final, nested classes annotated with @Configuration.
23:15:39.733 [Test worker] DEBUG org.springframework.test.context.support.ActiveProfilesUtils - Could not find an 'annotation declaring class' for annotation type [org.springframework.test.context.ActiveProfiles] and class [com.example.javaallinone.project3.mycontact.repository.PersonRepositoryTest]
23:15:39.860 [Test worker] DEBUG org.springframework.context.annotation.ClassPathScanningCandidateComponentProvider - Identified candidate component class: file [C:\Users\user\Documents\mycontact-spring\build\classes\java\main\com\example\javaallinone\project3\mycontact\MycontactApplication.class]
23:15:39.862 [Test worker] INFO org.springframework.boot.test.context.SpringBootTestContextBootstrapper - Found @SpringBootConfiguration com.example.javaallinone.project3.mycontact.MycontactApplication for test class com.example.javaallinone.project3.mycontact.repository.PersonRepositoryTest
23:15:40.011 [Test worker] DEBUG org.springframework.boot.test.context.SpringBootTestContextBootstrapper - @TestExecutionListeners is not present for class [com.example.javaallinone.project3.mycontact.repository.PersonRepositoryTest]: using defaults.
23:15:40.012 [Test worker] INFO org.springframework.boot.test.context.SpringBootTestContextBootstrapper - Loaded default TestExecutionListener class names from location [META-INF/spring.factories]: [org.springframework.boot.test.autoconfigure.restdocs.RestDocsTestExecutionListener, org.springframework.boot.test.autoconfigure.web.client.MockRestServiceServerResetTestExecutionListener, org.springframework.boot.test.autoconfigure.web.servlet.MockMvcPrintOnlyOnFailureTestExecutionListener, org.springframework.boot.test.autoconfigure.web.servlet.WebDriverTestExecutionListener, org.springframework.boot.test.autoconfigure.webservices.client.MockWebServiceServerTestExecutionListener, org.springframework.boot.test.mock.mockito.MockitoTestExecutionListener, org.springframework.boot.test.mock.mockito.ResetMocksTestExecutionListener, org.springframework.test.context.web.ServletTestExecutionListener, org.springframework.test.context.support.DirtiesContextBeforeModesTestExecutionListener, org.springframework.test.context.support.DependencyInjectionTestExecutionListener, org.springframework.test.context.support.DirtiesContextTestExecutionListener, org.springframework.test.context.transaction.TransactionalTestExecutionListener, org.springframework.test.context.jdbc.SqlScriptsTestExecutionListener, org.springframework.test.context.event.EventPublishingTestExecutionListener]
23:15:40.041 [Test worker] INFO org.springframework.boot.test.context.SpringBootTestContextBootstrapper - Using TestExecutionListeners: [org.springframework.test.context.web.ServletTestExecutionListener@648ff60, org.springframework.test.context.support.DirtiesContextBeforeModesTestExecutionListener@42bac2ab, org.springframework.boot.test.mock.mockito.MockitoTestExecutionListener@2e9ea34c, org.springframework.boot.test.autoconfigure.SpringBootDependencyInjectionTestExecutionListener@11b05bf9, org.springframework.test.context.support.DirtiesContextTestExecutionListener@50421550, org.springframework.test.context.transaction.TransactionalTestExecutionListener@44792a69, org.springframework.test.context.jdbc.SqlScriptsTestExecutionListener@1fa67569, org.springframework.test.context.event.EventPublishingTestExecutionListener@c5a9af7, org.springframework.boot.test.autoconfigure.restdocs.RestDocsTestExecutionListener@4cf2e6b9, org.springframework.boot.test.autoconfigure.web.client.MockRestServiceServerResetTestExecutionListener@41d5a72c, org.springframework.boot.test.autoconfigure.web.servlet.MockMvcPrintOnlyOnFailureTestExecutionListener@6d749f42, org.springframework.boot.test.autoconfigure.web.servlet.WebDriverTestExecutionListener@35212d39, org.springframework.boot.test.autoconfigure.webservices.client.MockWebServiceServerTestExecutionListener@6e3dc20a, org.springframework.boot.test.mock.mockito.ResetMocksTestExecutionListener@23df426]
23:15:40.047 [Test worker] DEBUG org.springframework.test.context.support.AbstractDirtiesContextTestExecutionListener - Before test class: context [DefaultTestContext@41570614 testClass = PersonRepositoryTest, testInstance = [null], testMethod = [null], testException = [null], mergedContextConfiguration = [WebMergedContextConfiguration@6b203a1 testClass = PersonRepositoryTest, locations = '{}', classes = '{class com.example.javaallinone.project3.mycontact.MycontactApplication}', contextInitializerClasses = '[]', activeProfiles = '{}', propertySourceLocations = '{}', propertySourceProperties = '{org.springframework.boot.test.context.SpringBootTestContextBootstrapper=true}', contextCustomizers = set[org.springframework.boot.test.autoconfigure.properties.PropertyMappingContextCustomizer@0, org.springframework.boot.test.autoconfigure.web.servlet.WebDriverContextCustomizerFactory$Customizer@61d397d3, org.springframework.boot.test.context.filter.ExcludeFilterContextCustomizer@9f61f6, org.springframework.boot.test.json.DuplicateJsonObjectContextCustomizerFactory$DuplicateJsonObjectContextCustomizer@38601024, org.springframework.boot.test.mock.mockito.MockitoContextCustomizer@0, org.springframework.boot.test.web.client.TestRestTemplateContextCustomizer@10eb9e13, org.springframework.boot.test.context.SpringBootTestArgs@1], resourceBasePath = 'src/main/webapp', contextLoader = 'org.springframework.boot.test.context.SpringBootContextLoader', parent = [null]], attributes = map['org.springframework.test.context.web.ServletTestExecutionListener.activateListener' -> true]], class annotated with @DirtiesContext [false] with mode [null].
23:15:40.084 [Test worker] DEBUG org.springframework.test.context.support.TestPropertySourceUtils - Adding inlined properties to environment: {spring.jmx.enabled=false, org.springframework.boot.test.context.SpringBootTestContextBootstrapper=true}

  .   ____          _            __ _ _
 /\\ / ___'_ __ _ _(_)_ __  __ _ \ \ \ \
( ( )\___ | '_ | '_| | '_ \/ _` | \ \ \ \
 \\/  ___)| |_)| | | | | || (_| |  ) ) ) )
  '  |____| .__|_| |_|_| |_\__, | / / / /
 =========|_|==============|___/=/_/_/_/
 :: Spring Boot ::        (v2.3.3.RELEASE)

2020-09-14 23:15:40.543  INFO 4220 --- [    Test worker] c.e.j.p.m.r.PersonRepositoryTest         : Starting PersonRepositoryTest on DESKTOP-HGKVHL2 with PID 4220 (started by user in C:\Users\user\Documents\mycontact-spring)
2020-09-14 23:15:40.545  INFO 4220 --- [    Test worker] c.e.j.p.m.r.PersonRepositoryTest         : No active profile set, falling back to default profiles: default
2020-09-14 23:15:41.334  INFO 4220 --- [    Test worker] .s.d.r.c.RepositoryConfigurationDelegate : Bootstrapping Spring Data JPA repositories in DEFERRED mode.
2020-09-14 23:15:41.450  INFO 4220 --- [    Test worker] .s.d.r.c.RepositoryConfigurationDelegate : Finished Spring Data repository scanning in 101ms. Found 1 JPA repository interfaces.
2020-09-14 23:15:42.224  INFO 4220 --- [    Test worker] o.s.s.concurrent.ThreadPoolTaskExecutor  : Initializing ExecutorService 'applicationTaskExecutor'
2020-09-14 23:15:42.249  INFO 4220 --- [    Test worker] com.zaxxer.hikari.HikariDataSource       : HikariPool-1 - Starting...
2020-09-14 23:15:42.569  INFO 4220 --- [    Test worker] com.zaxxer.hikari.HikariDataSource       : HikariPool-1 - Start completed.
2020-09-14 23:15:42.673  INFO 4220 --- [         task-1] o.hibernate.jpa.internal.util.LogHelper  : HHH000204: Processing PersistenceUnitInfo [name: default]
2020-09-14 23:15:42.786  INFO 4220 --- [         task-1] org.hibernate.Version                    : HHH000412: Hibernate ORM core version 5.4.20.Final
2020-09-14 23:15:43.016  WARN 4220 --- [    Test worker] JpaBaseConfiguration$JpaWebConfiguration : spring.jpa.open-in-view is enabled by default. Therefore, database queries may be performed during view rendering. Explicitly configure spring.jpa.open-in-view to disable this warning
2020-09-14 23:15:43.150  INFO 4220 --- [         task-1] o.hibernate.annotations.common.Version   : HCANN000001: Hibernate Commons Annotations {5.1.0.Final}
2020-09-14 23:15:43.476  INFO 4220 --- [         task-1] org.hibernate.dialect.Dialect            : HHH000400: Using dialect: org.hibernate.dialect.H2Dialect
2020-09-14 23:15:44.038  INFO 4220 --- [    Test worker] DeferredRepositoryInitializationListener : Triggering deferred initialization of Spring Data repositories…
Hibernate: drop table if exists person CASCADE 
Hibernate: drop sequence if exists hibernate_sequence
Hibernate: create sequence hibernate_sequence start with 1 increment by 1
Hibernate: create table person (id bigint not null, address varchar(255), age integer not null, birthday date, blood_type varchar(255), hobby varchar(255), job varchar(255), name varchar(255), phone_number varchar(255), primary key (id))
2020-09-14 23:15:44.621  INFO 4220 --- [         task-1] o.h.e.t.j.p.i.JtaPlatformInitiator       : HHH000490: Using JtaPlatform implementation: [org.hibernate.engine.transaction.jta.platform.internal.NoJtaPlatform]
2020-09-14 23:15:44.634  INFO 4220 --- [         task-1] j.LocalContainerEntityManagerFactoryBean : Initialized JPA EntityManagerFactory for persistence unit 'default'
2020-09-14 23:15:44.874  INFO 4220 --- [    Test worker] DeferredRepositoryInitializationListener : Spring Data repositories initialized!
2020-09-14 23:15:44.882  INFO 4220 --- [    Test worker] c.e.j.p.m.r.PersonRepositoryTest         : Started PersonRepositoryTest in 4.784 seconds (JVM running for 6.698)
true
-1128629965
-1128629965
{Person(id=null, name=null, age=0, hobby=null, bloodType=null, address=null, birthday=null, job=null)=0}
0
]]></system-out>
  <system-err><![CDATA[]]></system-err>
</testsuite>
