<?xml version="1.0" encoding="UTF-8"?>
<testsuite name="com.example.javaallinone.project3.mycontact.repository.PersonRepositoryTest" tests="1" skipped="0" failures="0" errors="0" timestamp="2020-09-14T10:55:29" hostname="gpu01" time="0.309">
  <properties/>
  <testcase name="crud()" classname="com.example.javaallinone.project3.mycontact.repository.PersonRepositoryTest" time="0.309"/>
  <system-out><![CDATA[19:55:27.688 [Test worker] DEBUG org.springframework.test.context.BootstrapUtils - Instantiating CacheAwareContextLoaderDelegate from class [org.springframework.test.context.cache.DefaultCacheAwareContextLoaderDelegate]
19:55:27.699 [Test worker] DEBUG org.springframework.test.context.BootstrapUtils - Instantiating BootstrapContext using constructor [public org.springframework.test.context.support.DefaultBootstrapContext(java.lang.Class,org.springframework.test.context.CacheAwareContextLoaderDelegate)]
19:55:27.719 [Test worker] DEBUG org.springframework.test.context.BootstrapUtils - Instantiating TestContextBootstrapper for test class [com.example.javaallinone.project3.mycontact.repository.PersonRepositoryTest] from class [org.springframework.boot.test.context.SpringBootTestContextBootstrapper]
19:55:27.728 [Test worker] INFO org.springframework.boot.test.context.SpringBootTestContextBootstrapper - Neither @ContextConfiguration nor @ContextHierarchy found for test class [com.example.javaallinone.project3.mycontact.repository.PersonRepositoryTest], using SpringBootContextLoader
19:55:27.731 [Test worker] DEBUG org.springframework.test.context.support.AbstractContextLoader - Did not detect default resource location for test class [com.example.javaallinone.project3.mycontact.repository.PersonRepositoryTest]: class path resource [com/example/javaallinone/project3/mycontact/repository/PersonRepositoryTest-context.xml] does not exist
19:55:27.731 [Test worker] DEBUG org.springframework.test.context.support.AbstractContextLoader - Did not detect default resource location for test class [com.example.javaallinone.project3.mycontact.repository.PersonRepositoryTest]: class path resource [com/example/javaallinone/project3/mycontact/repository/PersonRepositoryTestContext.groovy] does not exist
19:55:27.732 [Test worker] INFO org.springframework.test.context.support.AbstractContextLoader - Could not detect default resource locations for test class [com.example.javaallinone.project3.mycontact.repository.PersonRepositoryTest]: no resource found for suffixes {-context.xml, Context.groovy}.
19:55:27.732 [Test worker] INFO org.springframework.test.context.support.AnnotationConfigContextLoaderUtils - Could not detect default configuration classes for test class [com.example.javaallinone.project3.mycontact.repository.PersonRepositoryTest]: PersonRepositoryTest does not declare any static, non-private, non-final, nested classes annotated with @Configuration.
19:55:27.756 [Test worker] DEBUG org.springframework.test.context.support.ActiveProfilesUtils - Could not find an 'annotation declaring class' for annotation type [org.springframework.test.context.ActiveProfiles] and class [com.example.javaallinone.project3.mycontact.repository.PersonRepositoryTest]
19:55:27.796 [Test worker] DEBUG org.springframework.context.annotation.ClassPathScanningCandidateComponentProvider - Identified candidate component class: file [/home/p829911/hard/mycontact-spring/build/classes/java/main/com/example/javaallinone/project3/mycontact/MycontactApplication.class]
19:55:27.797 [Test worker] INFO org.springframework.boot.test.context.SpringBootTestContextBootstrapper - Found @SpringBootConfiguration com.example.javaallinone.project3.mycontact.MycontactApplication for test class com.example.javaallinone.project3.mycontact.repository.PersonRepositoryTest
19:55:27.857 [Test worker] DEBUG org.springframework.boot.test.context.SpringBootTestContextBootstrapper - @TestExecutionListeners is not present for class [com.example.javaallinone.project3.mycontact.repository.PersonRepositoryTest]: using defaults.
19:55:27.857 [Test worker] INFO org.springframework.boot.test.context.SpringBootTestContextBootstrapper - Loaded default TestExecutionListener class names from location [META-INF/spring.factories]: [org.springframework.boot.test.autoconfigure.restdocs.RestDocsTestExecutionListener, org.springframework.boot.test.autoconfigure.web.client.MockRestServiceServerResetTestExecutionListener, org.springframework.boot.test.autoconfigure.web.servlet.MockMvcPrintOnlyOnFailureTestExecutionListener, org.springframework.boot.test.autoconfigure.web.servlet.WebDriverTestExecutionListener, org.springframework.boot.test.autoconfigure.webservices.client.MockWebServiceServerTestExecutionListener, org.springframework.boot.test.mock.mockito.MockitoTestExecutionListener, org.springframework.boot.test.mock.mockito.ResetMocksTestExecutionListener, org.springframework.test.context.web.ServletTestExecutionListener, org.springframework.test.context.support.DirtiesContextBeforeModesTestExecutionListener, org.springframework.test.context.support.DependencyInjectionTestExecutionListener, org.springframework.test.context.support.DirtiesContextTestExecutionListener, org.springframework.test.context.transaction.TransactionalTestExecutionListener, org.springframework.test.context.jdbc.SqlScriptsTestExecutionListener, org.springframework.test.context.event.EventPublishingTestExecutionListener]
19:55:27.867 [Test worker] INFO org.springframework.boot.test.context.SpringBootTestContextBootstrapper - Using TestExecutionListeners: [org.springframework.test.context.web.ServletTestExecutionListener@1ae2030, org.springframework.test.context.support.DirtiesContextBeforeModesTestExecutionListener@2d3888cd, org.springframework.boot.test.mock.mockito.MockitoTestExecutionListener@43871048, org.springframework.boot.test.autoconfigure.SpringBootDependencyInjectionTestExecutionListener@5abe19b2, org.springframework.test.context.support.DirtiesContextTestExecutionListener@2a611d75, org.springframework.test.context.transaction.TransactionalTestExecutionListener@43768614, org.springframework.test.context.jdbc.SqlScriptsTestExecutionListener@3808db62, org.springframework.test.context.event.EventPublishingTestExecutionListener@12d12658, org.springframework.boot.test.autoconfigure.restdocs.RestDocsTestExecutionListener@30790bc2, org.springframework.boot.test.autoconfigure.web.client.MockRestServiceServerResetTestExecutionListener@47c87dff, org.springframework.boot.test.autoconfigure.web.servlet.MockMvcPrintOnlyOnFailureTestExecutionListener@39656daf, org.springframework.boot.test.autoconfigure.web.servlet.WebDriverTestExecutionListener@229d6f3d, org.springframework.boot.test.autoconfigure.webservices.client.MockWebServiceServerTestExecutionListener@5ac257b7, org.springframework.boot.test.mock.mockito.ResetMocksTestExecutionListener@5ee1fe95]
19:55:27.870 [Test worker] DEBUG org.springframework.test.context.support.AbstractDirtiesContextTestExecutionListener - Before test class: context [DefaultTestContext@64cece1 testClass = PersonRepositoryTest, testInstance = [null], testMethod = [null], testException = [null], mergedContextConfiguration = [WebMergedContextConfiguration@1e3bc8ae testClass = PersonRepositoryTest, locations = '{}', classes = '{class com.example.javaallinone.project3.mycontact.MycontactApplication}', contextInitializerClasses = '[]', activeProfiles = '{}', propertySourceLocations = '{}', propertySourceProperties = '{org.springframework.boot.test.context.SpringBootTestContextBootstrapper=true}', contextCustomizers = set[org.springframework.boot.test.autoconfigure.properties.PropertyMappingContextCustomizer@0, org.springframework.boot.test.autoconfigure.web.servlet.WebDriverContextCustomizerFactory$Customizer@5419d6e0, org.springframework.boot.test.context.filter.ExcludeFilterContextCustomizer@4c6e9691, org.springframework.boot.test.json.DuplicateJsonObjectContextCustomizerFactory$DuplicateJsonObjectContextCustomizer@6cd82776, org.springframework.boot.test.mock.mockito.MockitoContextCustomizer@0, org.springframework.boot.test.web.client.TestRestTemplateContextCustomizer@c7e0ca1, org.springframework.boot.test.context.SpringBootTestArgs@1], resourceBasePath = 'src/main/webapp', contextLoader = 'org.springframework.boot.test.context.SpringBootContextLoader', parent = [null]], attributes = map['org.springframework.test.context.web.ServletTestExecutionListener.activateListener' -> true]], class annotated with @DirtiesContext [false] with mode [null].
19:55:27.886 [Test worker] DEBUG org.springframework.test.context.support.TestPropertySourceUtils - Adding inlined properties to environment: {spring.jmx.enabled=false, org.springframework.boot.test.context.SpringBootTestContextBootstrapper=true}

  .   ____          _            __ _ _
 /\\ / ___'_ __ _ _(_)_ __  __ _ \ \ \ \
( ( )\___ | '_ | '_| | '_ \/ _` | \ \ \ \
 \\/  ___)| |_)| | | | | || (_| |  ) ) ) )
  '  |____| .__|_| |_|_| |_\__, | / / / /
 =========|_|==============|___/=/_/_/_/
 :: Spring Boot ::        (v2.3.3.RELEASE)

2020-09-14 19:55:28.076  INFO 6896 --- [    Test worker] c.e.j.p.m.r.PersonRepositoryTest         : Starting PersonRepositoryTest on gpu01 with PID 6896 (started by p829911 in /home/p829911/hard/mycontact-spring)
2020-09-14 19:55:28.077  INFO 6896 --- [    Test worker] c.e.j.p.m.r.PersonRepositoryTest         : No active profile set, falling back to default profiles: default
2020-09-14 19:55:28.427  INFO 6896 --- [    Test worker] .s.d.r.c.RepositoryConfigurationDelegate : Bootstrapping Spring Data JPA repositories in DEFERRED mode.
2020-09-14 19:55:28.467  INFO 6896 --- [    Test worker] .s.d.r.c.RepositoryConfigurationDelegate : Finished Spring Data repository scanning in 34ms. Found 1 JPA repository interfaces.
2020-09-14 19:55:28.792  INFO 6896 --- [    Test worker] o.s.s.concurrent.ThreadPoolTaskExecutor  : Initializing ExecutorService 'applicationTaskExecutor'
2020-09-14 19:55:28.802  INFO 6896 --- [    Test worker] com.zaxxer.hikari.HikariDataSource       : HikariPool-1 - Starting...
2020-09-14 19:55:28.946  INFO 6896 --- [    Test worker] com.zaxxer.hikari.HikariDataSource       : HikariPool-1 - Start completed.
2020-09-14 19:55:28.985  INFO 6896 --- [         task-1] o.hibernate.jpa.internal.util.LogHelper  : HHH000204: Processing PersistenceUnitInfo [name: default]
2020-09-14 19:55:29.017  INFO 6896 --- [         task-1] org.hibernate.Version                    : HHH000412: Hibernate ORM core version 5.4.20.Final
2020-09-14 19:55:29.108  WARN 6896 --- [    Test worker] JpaBaseConfiguration$JpaWebConfiguration : spring.jpa.open-in-view is enabled by default. Therefore, database queries may be performed during view rendering. Explicitly configure spring.jpa.open-in-view to disable this warning
2020-09-14 19:55:29.112  INFO 6896 --- [         task-1] o.hibernate.annotations.common.Version   : HCANN000001: Hibernate Commons Annotations {5.1.0.Final}
2020-09-14 19:55:29.196  INFO 6896 --- [         task-1] org.hibernate.dialect.Dialect            : HHH000400: Using dialect: org.hibernate.dialect.H2Dialect
2020-09-14 19:55:29.499  INFO 6896 --- [    Test worker] DeferredRepositoryInitializationListener : Triggering deferred initialization of Spring Data repositories…
Hibernate: drop table if exists person CASCADE 
Hibernate: drop sequence if exists hibernate_sequence
Hibernate: create sequence hibernate_sequence start with 1 increment by 1
Hibernate: create table person (id bigint not null, address varchar(255), age integer not null, birthday date, blood_type varchar(255), hobby varchar(255), job varchar(255), name varchar(255), primary key (id))
2020-09-14 19:55:29.628  INFO 6896 --- [         task-1] o.h.e.t.j.p.i.JtaPlatformInitiator       : HHH000490: Using JtaPlatform implementation: [org.hibernate.engine.transaction.jta.platform.internal.NoJtaPlatform]
2020-09-14 19:55:29.633  INFO 6896 --- [         task-1] j.LocalContainerEntityManagerFactoryBean : Initialized JPA EntityManagerFactory for persistence unit 'default'
2020-09-14 19:55:29.761  INFO 6896 --- [    Test worker] DeferredRepositoryInitializationListener : Spring Data repositories initialized!
2020-09-14 19:55:29.766  INFO 6896 --- [    Test worker] c.e.j.p.m.r.PersonRepositoryTest         : Started PersonRepositoryTest in 1.875 seconds (JVM running for 2.523)
Hibernate: call next value for hibernate_sequence
Hibernate: insert into person (address, age, birthday, blood_type, hobby, job, name, id) values (?, ?, ?, ?, ?, ?, ?, ?)
Hibernate: select person0_.id as id1_0_, person0_.address as address2_0_, person0_.age as age3_0_, person0_.birthday as birthday4_0_, person0_.blood_type as blood_ty5_0_, person0_.hobby as hobby6_0_, person0_.job as job7_0_, person0_.name as name8_0_ from person person0_
]]></system-out>
  <system-err><![CDATA[]]></system-err>
</testsuite>
